jmetsola@N-T495PF1B5ZY8 ~/projects/devops-with-docker-part3/excercise-3.3 (main) $ sudo bash builder.sh jkmetsola/excercise-3.1
WARNING! Your password will be stored unencrypted in /root/.docker/config.json.
Configure a credential helper to remove this warning. See
https://docs.docker.com/engine/reference/commandline/login/#credentials-store

Login Succeeded
[+] Building 2.8s (11/11) FINISHED                                                                                                          
 => [internal] load build definition from Dockerfile                                                                                   0.1s
 => => transferring dockerfile: 354B                                                                                                   0.0s
 => [internal] load .dockerignore                                                                                                      0.1s
 => => transferring context: 2B                                                                                                        0.0s
 => [internal] load metadata for docker.io/library/node:16                                                                             2.5s
 => [auth] library/node:pull token for registry-1.docker.io                                                                            0.0s
 => [1/7] FROM docker.io/library/node:16@sha256:2ed6bba040f90005db9785927689c0d9a9442ca2cf9a59dc52297d684285c094                       0.0s
 => CACHED [2/7] RUN git clone https://github.com/docker-hy/material-applications.git                                                  0.0s
 => CACHED [3/7] WORKDIR /material-applications/express-app                                                                            0.0s
 => CACHED [4/7] RUN sed -i 's/Hello World!/Helloooooooo World!/g' index.js                                                            0.0s
 => CACHED [5/7] RUN sed -i 's/const PORT = 8080/const PORT = process.env.PORT || 8080/g' index.js                                     0.0s
 => CACHED [6/7] RUN npm install                                                                                                       0.0s
 => exporting to image                                                                                                                 0.0s
 => => exporting layers                                                                                                                0.0s
 => => writing image sha256:c6371978c56aba0b3b5931fc3fff63e1a00cb95a2f69f023cdfb88281b3a5281                                           0.0s
 => => naming to docker.io/jkmetsola/excercise-3.1                                                                                     0.0s
Using default tag: latest
The push refers to repository [docker.io/jkmetsola/excercise-3.1]
1e3153cb9571: Pushed 
ef66536d940f: Pushed 
1368bd247442: Pushed 
5f70bf18a086: Mounted from jkmetsola/devops-with-docker-part3-excercise-3.1 
f30145e90348: Pushed 
47b7f8f10c48: Mounted from library/node 
ac19349f690b: Mounted from library/node 
d99b6238254e: Mounted from library/node 
bb22ae3d4d1e: Mounted from library/node 
69d98464f012: Mounted from library/node 
4e859b592d91: Mounted from library/node 
9973bce96c7e: Mounted from library/node 
c7e59965a0b4: Mounted from library/node 
latest: digest: sha256:acf444aa23201c7d7f6d277403b4d5775b736ea2bc129dc7b3b0779c2a1bfec0 size: 3046